{"level":"info","message":"Mongoose database connect"}
{"level":"info","message":"Mongoose database connect"}
{"level":"info","message":"Mongoose database connect"}
{
  message: 'Mongoose database connect',
  level: 'info',
  label: 'Loglama',
  timestamp: '2022-11-05T03:34:36.869Z'
}
{
  message: 'Mongoose database connect',
  level: 'info',
  label: 'Loglama',
  timestamp: '2022-11-05T03:35:11.242Z'
}
{
  message: 'Mongoose database connect',
  level: 'info',
  label: 'Loglama',
  timestamp: '2022-11-05T03:42:29.542Z'
}
{
  message: 'Mongoose database connect',
  level: 'info',
  label: 'Loglama',
  timestamp: '2022-11-05T03:42:42.338Z'
}
{
  message: 'Mongoose database connect',
  level: 'info',
  label: 'Loglama',
  timestamp: '2022-11-05T03:44:03.230Z'
}
{
  level: 'error',
  label: 'Loglama',
  timestamp: '2022-11-05T03:56:22.765Z'
}
{
  message: 'Mongoose database connect',
  level: 'info',
  label: 'Loglama',
  timestamp: '2022-11-05T03:57:07.774Z'
}
{
  message: 'Mongoose database connect',
  level: 'info',
  label: 'Loglama',
  timestamp: '2022-11-05T03:59:55.764Z'
}
{
  message: 'Mongoose database connect',
  level: 'info',
  label: 'Loglama',
  timestamp: '2022-11-05T04:00:53.455Z'
}
{
  message: 'Mongoose database connect',
  level: 'info',
  label: 'Loglama',
  timestamp: '2022-11-05T04:01:16.701Z'
}
{
  message: 'Mongoose database connect',
  level: 'info',
  label: 'Loglama',
  timestamp: '2022-11-05T04:01:46.028Z'
}
{
  message: 'Mongoose database connect',
  level: 'info',
  label: 'Loglama',
  timestamp: '2022-11-05T04:04:30.739Z'
}
{
  message: 'Mongoose database connect',
  level: 'info',
  label: 'Loglama',
  timestamp: '2022-11-05T04:04:37.177Z'
}
{
  message: 'Mongoose database connect',
  level: 'info',
  label: 'Loglama',
  timestamp: '2022-11-05T04:05:32.137Z'
}
{
  message: 'Mongoose database connect',
  level: 'info',
  label: 'Loglama',
  timestamp: '2022-11-05T04:05:55.584Z'
}
{
  message: 'Mongoose database connect',
  level: 'info',
  label: 'Loglama',
  timestamp: '2022-11-05T04:06:30.532Z'
}
{
  message: 'Mongoose database connect',
  level: 'info',
  label: 'Loglama',
  timestamp: '2022-11-05T04:06:42.016Z'
}
{
  message: 'Mongoose database connect',
  level: 'info',
  label: 'Loglama',
  timestamp: '2022-11-05T04:08:51.635Z'
}
{
  message: 'Mongoose database connect',
  level: 'info',
  label: 'Loglama',
  timestamp: '2022-11-05T04:12:58.906Z'
}
{
  message: 'Mongoose database connect',
  level: 'info',
  label: 'Loglama',
  timestamp: '2022-11-05T04:13:37.135Z'
}
{
  message: 'Mongoose database connect',
  level: 'info',
  label: 'Loglama',
  timestamp: '2022-11-05T04:13:51.475Z'
}
{
  message: 'MongoDB Database not connect',
  level: 'error',
  label: 'Loglama',
  timestamp: '2022-11-05T04:14:00.545Z'
}
{
  message: 'Mongoose database connect',
  level: 'info',
  label: 'Loglama',
  timestamp: '2022-11-05T04:14:20.601Z'
}
{
  message: 'Mongoose database connect',
  level: 'info',
  label: 'Loglama',
  timestamp: '2022-11-05T04:15:29.621Z'
}
{
  message: 'Mongoose database connect',
  level: 'info',
  label: 'Loglama',
  timestamp: '2022-11-05T04:15:40.230Z'
}
{
  message: 'Mongoose database connect',
  level: 'info',
  label: 'Loglama',
  timestamp: '2022-11-05T04:24:21.321Z'
}
{
  message: 'Mongoose database connect',
  level: 'info',
  label: 'Loglama',
  timestamp: '2022-11-05T04:24:45.972Z'
}
{
  message: 'Mongoose database connect',
  level: 'info',
  label: 'Loglama',
  timestamp: '2022-11-05T04:25:28.684Z'
}
{
  message: 'Mongoose database connect',
  level: 'info',
  label: 'Loglama',
  timestamp: '2022-11-05T04:27:49.047Z'
}
{
  message: 'Mongoose database connect',
  level: 'info',
  label: 'Loglama',
  timestamp: '2022-11-05T04:28:48.863Z'
}
{
  label: 'Loglama',
  message: 'Mongoose database connect',
  level: 'info',
  timestamp: '2022-11-05T04:30:04.141Z'
}
{
  label: 'Loglama',
  message: 'MongoDDB database connect',
  level: 'info',
  timestamp: '2022-11-05T04:34:31.045Z'
}
{
  label: 'Loglama',
  message: 'MongoDDB database connect',
  level: 'info',
  timestamp: '2022-11-05T04:35:22.648Z'
}
{
  label: 'Loglama',
  message: 'MongoDDB database connect',
  level: 'info',
  timestamp: '2022-11-05T04:37:25.917Z'
}
{
  label: 'Loglama',
  message: 'MongoDDB database connect',
  level: 'info',
  timestamp: '2022-11-05T04:37:29.033Z'
}
{
  label: 'Loglama',
  message: 'MongoDDB database connect',
  level: 'info',
  timestamp: '2022-11-05T16:17:53.935Z'
}
{
  label: 'Loglama',
  message: 'MongoDDB database connect',
  level: 'info',
  timestamp: '2022-11-05T16:33:39.794Z'
}
{
  label: 'Loglama',
  message: 'MongoDDB database connect',
  level: 'info',
  timestamp: '2022-11-05T16:35:16.760Z'
}
{
  label: 'Loglama',
  message: 'MongoDDB database connect',
  level: 'info',
  timestamp: '2022-11-05T17:36:44.694Z'
}
{
  label: 'Loglama',
  message: 'MongoDDB database connect',
  level: 'info',
  timestamp: '2022-11-06T04:41:12.627Z'
}
{
  label: 'Loglama',
  message: 'MongoDDB database connect',
  level: 'info',
  timestamp: '2022-11-06T05:02:06.529Z'
}
{
  label: 'Loglama',
  message: 'MongoDDB database connect',
  level: 'info',
  timestamp: '2022-11-06T14:47:36.885Z'
}
{
  label: 'Loglama',
  message: 'MongoDDB database connect',
  level: 'info',
  timestamp: '2022-11-07T11:48:14.715Z'
}
{
  label: 'Loglama',
  message: 'MongoDDB database connect',
  level: 'info',
  timestamp: '2022-11-07T17:02:18.601Z'
}
{
  label: 'Loglama',
  message: 'MongoDDB database connect',
  level: 'info',
  timestamp: '2022-11-07T17:10:07.823Z'
}
{
  label: 'Loglama',
  message: 'MongoDDB database connect',
  level: 'info',
  timestamp: '2022-11-07T17:10:58.231Z'
}
{
  label: 'Loglama',
  message: 'MongoDDB database connect',
  level: 'info',
  timestamp: '2022-11-07T17:13:26.554Z'
}
{
  label: 'Loglama',
  message: 'MongoDDB database connect',
  level: 'info',
  timestamp: '2022-11-07T17:13:58.286Z'
}
{
  label: 'Loglama',
  message: 'MongoDDB database connect',
  level: 'info',
  timestamp: '2022-11-07T17:15:06.124Z'
}
{
  label: 'Loglama',
  message: 'MongoDDB database connect',
  level: 'info',
  timestamp: '2022-11-07T17:16:28.038Z'
}
{
  label: 'Loglama',
  message: 'MongoDDB database connect',
  level: 'info',
  timestamp: '2022-11-07T17:19:19.722Z'
}
{
  label: 'Loglama',
  message: 'MongoDDB database connect',
  level: 'info',
  timestamp: '2022-11-07T18:12:59.105Z'
}
